2026-03-04 14:16:44 - MainThread - d:\ruanjian\go-work\copy_tools\copy_tools.py[line:205] - INFO: 配置文件加载成功: d:\ruanjian\go-work\copy_tools\copy.ini
2026-03-04 14:16:56 - MainThread - d:\ruanjian\go-work\copy_tools\copy_tools.py[line:218] - INFO: 配置已保存到: d:\ruanjian\go-work\copy_tools\copy.ini
2026-03-04 14:16:56 - MainThread - d:\ruanjian\go-work\copy_tools\copy_tools.py[line:205] - INFO: 配置文件加载成功: d:\ruanjian\go-work\copy_tools\copy.ini
2026-03-04 14:16:59 - MainThread - d:\ruanjian\go-work\copy_tools\copy_tools.py[line:218] - INFO: 配置已保存到: d:\ruanjian\go-work\copy_tools\copy.ini
2026-03-04 14:16:59 - MainThread - d:\ruanjian\go-work\copy_tools\copy_tools.py[line:205] - INFO: 配置文件加载成功: d:\ruanjian\go-work\copy_tools\copy.ini
2026-03-04 14:17:00 - Dummy-1 - d:\ruanjian\go-work\copy_tools\copy_tools.py[line:471] - INFO: 文件移动工具启动成功（GUI修复版）
2026-03-04 14:17:00 - Dummy-1 - d:\ruanjian\go-work\copy_tools\copy_tools.py[line:415] - INFO: 开始移动文件，共 7 个符合条件的文件
2026-03-04 14:17:00 - Dummy-1 - d:\ruanjian\go-work\copy_tools\copy_tools.py[line:442] - INFO: 文件移动完成 - 成功: 7, 失败: 0, 总计: 7
2026-03-04 14:17:00 - Dummy-1 - d:\ruanjian\go-work\copy_tools\copy_tools.py[line:444] - INFO: 累计统计 - 成功: 7, 失败: 0, 成功率: 100.0%
2026-03-04 14:17:11 - Dummy-1 - d:\ruanjian\go-work\copy_tools\copy_tools.py[line:391] - INFO: 源目录为空: D:\user\download\copy_tools-main\copy_tools-main\1，休息 10.0 秒
2026-03-04 14:17:27 - MainThread - d:\ruanjian\go-work\copy_tools\copy_tools.py[line:525] - INFO: 监控线程已停止（优雅退出）
2026-03-04 14:17:37 - MainThread - d:\ruanjian\go-work\copy_tools\copy_tools.py[line:218] - INFO: 配置已保存到: d:\ruanjian\go-work\copy_tools\copy.ini
2026-03-04 14:17:37 - MainThread - d:\ruanjian\go-work\copy_tools\copy_tools.py[line:205] - INFO: 配置文件加载成功: d:\ruanjian\go-work\copy_tools\copy.ini
2026-03-04 14:17:40 - MainThread - d:\ruanjian\go-work\copy_tools\copy_tools.py[line:218] - INFO: 配置已保存到: d:\ruanjian\go-work\copy_tools\copy.ini
2026-03-04 14:17:40 - MainThread - d:\ruanjian\go-work\copy_tools\copy_tools.py[line:205] - INFO: 配置文件加载成功: d:\ruanjian\go-work\copy_tools\copy.ini
2026-03-04 14:17:41 - Dummy-2 - d:\ruanjian\go-work\copy_tools\copy_tools.py[line:471] - INFO: 文件移动工具启动成功（GUI修复版）
2026-03-04 14:17:41 - Dummy-2 - d:\ruanjian\go-work\copy_tools\copy_tools.py[line:415] - INFO: 开始移动文件，共 7 个符合条件的文件
2026-03-04 14:17:41 - Dummy-2 - d:\ruanjian\go-work\copy_tools\copy_tools.py[line:442] - INFO: 文件移动完成 - 成功: 7, 失败: 0, 总计: 7
2026-03-04 14:17:41 - Dummy-2 - d:\ruanjian\go-work\copy_tools\copy_tools.py[line:444] - INFO: 累计统计 - 成功: 7, 失败: 0, 成功率: 100.0%
2026-03-04 14:17:52 - Dummy-2 - d:\ruanjian\go-work\copy_tools\copy_tools.py[line:391] - INFO: 源目录为空: D:\user\download\copy_tools-main\copy_tools-main\2，休息 10.0 秒
2026-03-04 14:18:01 - MainThread - d:\ruanjian\go-work\copy_tools\copy_tools.py[line:525] - INFO: 监控线程已停止（优雅退出）
